[0m14:09:19.083888 [debug] [MainThread]: Sending event: {'category': 'dbt', 'action': 'invocation', 'label': 'start', 'context': [<snowplow_tracker.self_describing_json.SelfDescribingJson object at 0x106861070>, <snowplow_tracker.self_describing_json.SelfDescribingJson object at 0x106413e00>, <snowplow_tracker.self_describing_json.SelfDescribingJson object at 0x106413e30>]}


============================== 14:09:19.087551 | cc972bc2-4b16-4dd9-920d-295853d9a9c2 ==============================
[0m14:09:19.087551 [info ] [MainThread]: Running with dbt=1.10.3
[0m14:09:19.088100 [debug] [MainThread]: running dbt with arguments {'printer_width': '80', 'indirect_selection': 'eager', 'write_json': 'True', 'log_cache_events': 'False', 'partial_parse': 'True', 'cache_selected_only': 'False', 'profiles_dir': '/Users/pedroapolonio/.dbt', 'version_check': 'True', 'debug': 'False', 'log_path': 'logs', 'fail_fast': 'False', 'warn_error': 'None', 'use_colors': 'True', 'use_experimental_parser': 'False', 'empty': 'None', 'quiet': 'False', 'no_print': 'None', 'log_format': 'default', 'invocation_command': 'dbt init', 'warn_error_options': 'WarnErrorOptionsV2(error=[], warn=[], silence=[])', 'introspect': 'True', 'target_path': 'None', 'static_parser': 'True', 'send_anonymous_usage_stats': 'True'}
[0m14:09:19.101795 [info ] [MainThread]: Creating dbt configuration folder at /Users/pedroapolonio/.dbt
[0m14:09:40.828971 [debug] [MainThread]: Starter project path: /Users/pedroapolonio/Documents/workspace/dw-dbt-postgres/.venv/lib/python3.12/site-packages/dbt/include/starter_project
[0m14:09:40.847022 [info ] [MainThread]: 
Your new dbt project "datawarehouse" was created!

For more information on how to configure the profiles.yml file,
please consult the dbt documentation here:

  https://docs.getdbt.com/docs/configure-your-profile

One more thing:

Need help? Don't hesitate to reach out to us via GitHub issues or on Slack:

  https://community.getdbt.com/

Happy modeling!

[0m14:09:40.847781 [info ] [MainThread]: Setting up your profile.
[0m14:11:29.415505 [info ] [MainThread]: Profile datawarehouse written to /Users/pedroapolonio/.dbt/profiles.yml using target's profile_template.yml and your supplied values. Run 'dbt debug' to validate the connection.
[0m14:11:29.436419 [debug] [MainThread]: Resource report: {"command_name": "init", "command_success": true, "command_wall_clock_time": 130.43398, "process_in_blocks": "0", "process_kernel_time": 0.217348, "process_mem_max_rss": "101367808", "process_out_blocks": "0", "process_user_time": 1.122152}
[0m14:11:29.437645 [debug] [MainThread]: Command `dbt init` succeeded at 14:11:29.437416 after 130.44 seconds
[0m14:11:29.438694 [debug] [MainThread]: Sending event: {'category': 'dbt', 'action': 'invocation', 'label': 'end', 'context': [<snowplow_tracker.self_describing_json.SelfDescribingJson object at 0x1075f3ce0>, <snowplow_tracker.self_describing_json.SelfDescribingJson object at 0x1076ad070>, <snowplow_tracker.self_describing_json.SelfDescribingJson object at 0x1075c7560>]}
[0m14:11:29.439672 [debug] [MainThread]: Flushing usage events
[0m14:11:30.163356 [debug] [MainThread]: An error was encountered while trying to flush usage events
